<?xml version="1.0" encoding="UTF-8"?>
<!-- Generated by org.testng.reporters.JUnitReportReporter -->
<testsuite hostname="ALIPLR2155" failures="0" tests="3" name="com.hrm.scripts.ValidateProfileSuccessMessage" time="89.294" errors="1" timestamp="27 Jan 2018 12:41:00 GMT" skipped="1">
  <testcase classname="com.hrm.scripts.ValidateProfileSuccessMessage" name="validateProfileSuccessMessage" time="0.000">
    <skipped/>
  </testcase> <!-- validateProfileSuccessMessage -->
  <testcase classname="com.hrm.scripts.ValidateProfileSuccessMessage" name="initApplication" time="70.309">
    <error message="Unable to create new remote session. desired capabilities = Capabilities [{marionette=true, firefoxOptions=org.openqa.selenium.firefox.FirefoxOptions@37c5fc56, browserName=firefox, moz:firefoxOptions=org.openqa.selenium.firefox.FirefoxOptions@37c5fc56, version=, platform=ANY}], required capabilities = Capabilities [{}]
Build info: version: &#039;3.0.0&#039;, revision: &#039;350cf60&#039;, time: &#039;2016-10-13 10:48:16 -0700&#039;
System info: host: &#039;ALIPLR2155&#039;, ip: &#039;192.168.225.157&#039;, os.name: &#039;Windows 10&#039;, os.arch: &#039;amd64&#039;, os.version: &#039;10.0&#039;, java.version: &#039;9.0.1&#039;
Driver info: driver.version: FirefoxDriver" type="org.openqa.selenium.SessionNotCreatedException">
      <![CDATA[org.openqa.selenium.SessionNotCreatedException: Unable to create new remote session. desired capabilities = Capabilities [{marionette=true, firefoxOptions=org.openqa.selenium.firefox.FirefoxOptions@37c5fc56, browserName=firefox, moz:firefoxOptions=org.openqa.selenium.firefox.FirefoxOptions@37c5fc56, version=, platform=ANY}], required capabilities = Capabilities [{}]Build info: version: '3.0.0', revision: '350cf60', time: '2016-10-13 10:48:16 -0700'System info: host: 'ALIPLR2155', ip: '192.168.225.157', os.name: 'Windows 10', os.arch: 'amd64', os.version: '10.0', java.version: '9.0.1'Driver info: driver.version: FirefoxDriverat org.openqa.selenium.remote.ProtocolHandshake.createSession(ProtocolHandshake.java:91)at org.openqa.selenium.remote.HttpCommandExecutor.execute(HttpCommandExecutor.java:141)at org.openqa.selenium.remote.service.DriverCommandExecutor.execute(DriverCommandExecutor.java:82)at org.openqa.selenium.remote.RemoteWebDriver.execute(RemoteWebDriver.java:601)at org.openqa.selenium.remote.RemoteWebDriver.startSession(RemoteWebDriver.java:241)at org.openqa.selenium.remote.RemoteWebDriver.<init>(RemoteWebDriver.java:128)at org.openqa.selenium.firefox.FirefoxDriver.<init>(FirefoxDriver.java:259)at org.openqa.selenium.firefox.FirefoxDriver.<init>(FirefoxDriver.java:247)at org.openqa.selenium.firefox.FirefoxDriver.<init>(FirefoxDriver.java:242)at org.openqa.selenium.firefox.FirefoxDriver.<init>(FirefoxDriver.java:238)at org.openqa.selenium.firefox.FirefoxDriver.<init>(FirefoxDriver.java:127)at com.hrm.base.BaseTest.initApplication(BaseTest.java:91)at java.base/jdk.internal.reflect.NativeMethodAccessorImpl.invoke0(Native Method)at java.base/jdk.internal.reflect.NativeMethodAccessorImpl.invoke(Unknown Source)at java.base/jdk.internal.reflect.DelegatingMethodAccessorImpl.invoke(Unknown Source)at java.base/java.lang.reflect.Method.invoke(Unknown Source)at org.testng.internal.MethodInvocationHelper.invokeMethod(MethodInvocationHelper.java:124)at org.testng.internal.MethodInvocationHelper.invokeMethodConsideringTimeout(MethodInvocationHelper.java:59)at org.testng.internal.Invoker.invokeConfigurationMethod(Invoker.java:451)at org.testng.internal.Invoker.invokeConfigurations(Invoker.java:222)at org.testng.internal.Invoker.invokeConfigurations(Invoker.java:142)at org.testng.internal.TestMethodWorker.invokeBeforeClassMethods(TestMethodWorker.java:163)at org.testng.internal.TestMethodWorker.run(TestMethodWorker.java:105)at org.testng.TestRunner.privateRun(TestRunner.java:648)at org.testng.TestRunner.run(TestRunner.java:505)at org.testng.SuiteRunner.runTest(SuiteRunner.java:455)at org.testng.SuiteRunner.runSequentially(SuiteRunner.java:450)at org.testng.SuiteRunner.privateRun(SuiteRunner.java:415)at org.testng.SuiteRunner.run(SuiteRunner.java:364)at org.testng.SuiteRunnerWorker.runSuite(SuiteRunnerWorker.java:52)at org.testng.SuiteRunnerWorker.run(SuiteRunnerWorker.java:84)at org.testng.TestNG.runSuitesSequentially(TestNG.java:1187)at org.testng.TestNG.runSuitesLocally(TestNG.java:1116)at org.testng.TestNG.runSuites(TestNG.java:1028)at org.testng.TestNG.run(TestNG.java:996)at org.testng.remote.AbstractRemoteTestNG.run(AbstractRemoteTestNG.java:114)at org.testng.remote.RemoteTestNG.initAndRun(RemoteTestNG.java:251)at org.testng.remote.RemoteTestNG.main(RemoteTestNG.java:77)]]>
    </error>
  </testcase> <!-- initApplication -->
  <testcase classname="com.hrm.scripts.ValidateProfileSuccessMessage" name="validateProfileSuccessMessage" time="18.985"/>
</testsuite> <!-- com.hrm.scripts.ValidateProfileSuccessMessage -->
