<?xml version="1.0" encoding="UTF-8"?>
<!-- Generated by org.testng.reporters.JUnitXMLReporter -->
<testsuite ignored="3" hostname="ALIPLR2155" failures="0" tests="2" name="Test1" time="14.223" errors="0" timestamp="27 Jan 2018 12:40:19 GMT">
  <testcase classname="com.hrm.base.BaseTest" name="@BeforeMethod preCondition" time="4.022">
    <failure type="org.openqa.selenium.WebDriverException" message="chrome not reachable
  (Session info: chrome=63.0.3239.132)
  (Driver info: chromedriver=2.35.528161 (5b82f2d2aae0ca24b877009200ced9065a772e73),platform=Windows NT 10.0.14393 x86_64) (WARNING: The server did not provide any stacktrace information)
Command duration or timeout: 4.02 seconds
Build info: version: &amp;apos;3.0.0&amp;apos;, revision: &amp;apos;350cf60&amp;apos;, time: &amp;apos;2016-10-13 10:48:16 -0700&amp;apos;
System info: host: &amp;apos;ALIPLR2155&amp;apos;, ip: &amp;apos;192.168.225.157&amp;apos;, os.name: &amp;apos;Windows 10&amp;apos;, os.arch: &amp;apos;amd64&amp;apos;, os.version: &amp;apos;10.0&amp;apos;, java.version: &amp;apos;9.0.1&amp;apos;
Driver info: org.openqa.selenium.chrome.ChromeDriver
Capabilities [{applicationCacheEnabled=false, rotatable=false, mobileEmulationEnabled=false, networkConnectionEnabled=false, chrome={chromedriverVersion=2.35.528161 (5b82f2d2aae0ca24b877009200ced9065a772e73), userDataDir=C:\Users\AL2079\AppData\Local\Temp\scoped_dir1840_28861}, takesHeapSnapshot=true, pageLoadStrategy=normal, databaseEnabled=false, handlesAlerts=true, hasTouchScreen=false, version=63.0.3239.132, platform=XP, browserConnectionEnabled=false, nativeEvents=true, acceptSslCerts=false, acceptInsecureCerts=false, locationContextEnabled=true, webStorageEnabled=true, browserName=chrome, takesScreenshot=true, javascriptEnabled=true, cssSelectorsEnabled=true, setWindowRect=true, unexpectedAlertBehaviour=}]
Session ID: 7bb025ccce576049a368ac1ecc310649">
      <![CDATA[org.openqa.selenium.WebDriverException: chrome not reachable  (Session info: chrome=63.0.3239.132)  (Driver info: chromedriver=2.35.528161 (5b82f2d2aae0ca24b877009200ced9065a772e73),platform=Windows NT 10.0.14393 x86_64) (WARNING: The server did not provide any stacktrace information)Command duration or timeout: 4.02 secondsBuild info: version: '3.0.0', revision: '350cf60', time: '2016-10-13 10:48:16 -0700'System info: host: 'ALIPLR2155', ip: '192.168.225.157', os.name: 'Windows 10', os.arch: 'amd64', os.version: '10.0', java.version: '9.0.1'Driver info: org.openqa.selenium.chrome.ChromeDriverCapabilities [{applicationCacheEnabled=false, rotatable=false, mobileEmulationEnabled=false, networkConnectionEnabled=false, chrome={chromedriverVersion=2.35.528161 (5b82f2d2aae0ca24b877009200ced9065a772e73), userDataDir=C:\Users\AL2079\AppData\Local\Temp\scoped_dir1840_28861}, takesHeapSnapshot=true, pageLoadStrategy=normal, databaseEnabled=false, handlesAlerts=true, hasTouchScreen=false, version=63.0.3239.132, platform=XP, browserConnectionEnabled=false, nativeEvents=true, acceptSslCerts=false, acceptInsecureCerts=false, locationContextEnabled=true, webStorageEnabled=true, browserName=chrome, takesScreenshot=true, javascriptEnabled=true, cssSelectorsEnabled=true, setWindowRect=true, unexpectedAlertBehaviour=}]Session ID: 7bb025ccce576049a368ac1ecc310649at org.openqa.selenium.remote.ErrorHandler.createThrowable(ErrorHandler.java:216)at org.openqa.selenium.remote.ErrorHandler.throwIfResponseFailed(ErrorHandler.java:168)at org.openqa.selenium.remote.RemoteWebDriver.execute(RemoteWebDriver.java:635)at org.openqa.selenium.remote.RemoteWebDriver.get(RemoteWebDriver.java:322)at com.hrm.base.BaseTest.preCondition(BaseTest.java:105)... Removed 32 stack frames]]>
    </failure>
  </testcase> <!-- @BeforeMethod preCondition -->
  <testcase classname="com.hrm.base.BaseTest" name="@AfterMethod postCondition" time="0.0">
    <skipped/>
  </testcase> <!-- @AfterMethod postCondition -->
  <testcase classname="com.hrm.base.BaseTest" name="@AfterClass closeApplication" time="0.0">
    <skipped/>
  </testcase> <!-- @AfterClass closeApplication -->
  <testcase classname="com.hrm.base.BaseTest" name="@BeforeClass initApplication" time="0.0">
    <skipped/>
  </testcase> <!-- @BeforeClass initApplication -->
  <testcase classname="com.hrm.base.BaseTest" name="@BeforeMethod preCondition" time="0.0">
    <skipped/>
  </testcase> <!-- @BeforeMethod preCondition -->
  <testcase classname="com.hrm.base.BaseTest" name="@AfterMethod postCondition" time="0.0">
    <skipped/>
  </testcase> <!-- @AfterMethod postCondition -->
  <testcase classname="com.hrm.base.BaseTest" name="@AfterClass closeApplication" time="0.0">
    <skipped/>
  </testcase> <!-- @AfterClass closeApplication -->
  <testcase classname="com.hrm.scripts.ValidateProfileSuccessMessage" name="validateProfileSuccessMessage" time="0.0">
    <skipped/>
  </testcase> <!-- validateProfileSuccessMessage -->
  <testcase classname="com.hrm.scripts.RecentOrderFiveByDefault" name="recentOrderFiveByDefault" time="0.0">
    <skipped/>
  </testcase> <!-- recentOrderFiveByDefault -->
  <testcase classname="com.hrm.base.BaseTest" name="@BeforeSuite initReport" time="0.0">
    <ignored/>
  </testcase> <!-- @BeforeSuite initReport -->
  <testcase classname="com.hrm.base.BaseTest" name="@AfterSuite publishReport" time="0.0">
    <ignored/>
  </testcase> <!-- @AfterSuite publishReport -->
  <testcase classname="com.hrm.base.BaseTest" name="@BeforeTest initGlobalVar" time="0.0">
    <ignored/>
  </testcase> <!-- @BeforeTest initGlobalVar -->
</testsuite> <!-- Test1 -->
