<?xml version="1.0" encoding="UTF-8"?>
<!-- Generated by org.testng.reporters.JUnitXMLReporter -->
<testsuite ignored="3" hostname="ALIPLR2155" failures="0" tests="2" name="Test2" time="70.346" errors="0" timestamp="27 Jan 2018 12:41:00 GMT">
  <testcase classname="com.hrm.base.BaseTest" name="@BeforeClass initApplication" time="70.309">
    <failure type="org.openqa.selenium.SessionNotCreatedException" message="Unable to create new remote session. desired capabilities = Capabilities [{marionette=true, firefoxOptions=org.openqa.selenium.firefox.FirefoxOptions@37c5fc56, browserName=firefox, moz:firefoxOptions=org.openqa.selenium.firefox.FirefoxOptions@37c5fc56, version=, platform=ANY}], required capabilities = Capabilities [{}]
Build info: version: &amp;apos;3.0.0&amp;apos;, revision: &amp;apos;350cf60&amp;apos;, time: &amp;apos;2016-10-13 10:48:16 -0700&amp;apos;
System info: host: &amp;apos;ALIPLR2155&amp;apos;, ip: &amp;apos;192.168.225.157&amp;apos;, os.name: &amp;apos;Windows 10&amp;apos;, os.arch: &amp;apos;amd64&amp;apos;, os.version: &amp;apos;10.0&amp;apos;, java.version: &amp;apos;9.0.1&amp;apos;
Driver info: driver.version: FirefoxDriver">
      <![CDATA[org.openqa.selenium.SessionNotCreatedException: Unable to create new remote session. desired capabilities = Capabilities [{marionette=true, firefoxOptions=org.openqa.selenium.firefox.FirefoxOptions@37c5fc56, browserName=firefox, moz:firefoxOptions=org.openqa.selenium.firefox.FirefoxOptions@37c5fc56, version=, platform=ANY}], required capabilities = Capabilities [{}]Build info: version: '3.0.0', revision: '350cf60', time: '2016-10-13 10:48:16 -0700'System info: host: 'ALIPLR2155', ip: '192.168.225.157', os.name: 'Windows 10', os.arch: 'amd64', os.version: '10.0', java.version: '9.0.1'Driver info: driver.version: FirefoxDriverat org.openqa.selenium.remote.ProtocolHandshake.createSession(ProtocolHandshake.java:91)at org.openqa.selenium.remote.HttpCommandExecutor.execute(HttpCommandExecutor.java:141)at org.openqa.selenium.remote.service.DriverCommandExecutor.execute(DriverCommandExecutor.java:82)at org.openqa.selenium.remote.RemoteWebDriver.execute(RemoteWebDriver.java:601)at org.openqa.selenium.remote.RemoteWebDriver.startSession(RemoteWebDriver.java:241)at org.openqa.selenium.remote.RemoteWebDriver.<init>(RemoteWebDriver.java:128)at org.openqa.selenium.firefox.FirefoxDriver.<init>(FirefoxDriver.java:259)at org.openqa.selenium.firefox.FirefoxDriver.<init>(FirefoxDriver.java:247)at org.openqa.selenium.firefox.FirefoxDriver.<init>(FirefoxDriver.java:242)at org.openqa.selenium.firefox.FirefoxDriver.<init>(FirefoxDriver.java:238)at org.openqa.selenium.firefox.FirefoxDriver.<init>(FirefoxDriver.java:127)at com.hrm.base.BaseTest.initApplication(BaseTest.java:91)... Removed 26 stack frames]]>
    </failure>
  </testcase> <!-- @BeforeClass initApplication -->
  <testcase classname="com.hrm.base.BaseTest" name="@BeforeMethod preCondition" time="0.0">
    <skipped/>
  </testcase> <!-- @BeforeMethod preCondition -->
  <testcase classname="com.hrm.base.BaseTest" name="@AfterMethod postCondition" time="0.0">
    <skipped/>
  </testcase> <!-- @AfterMethod postCondition -->
  <testcase classname="com.hrm.base.BaseTest" name="@AfterClass closeApplication" time="0.0">
    <skipped/>
  </testcase> <!-- @AfterClass closeApplication -->
  <testcase classname="com.hrm.base.BaseTest" name="@BeforeClass initApplication" time="0.0">
    <skipped/>
  </testcase> <!-- @BeforeClass initApplication -->
  <testcase classname="com.hrm.base.BaseTest" name="@BeforeMethod preCondition" time="0.0">
    <skipped/>
  </testcase> <!-- @BeforeMethod preCondition -->
  <testcase classname="com.hrm.base.BaseTest" name="@AfterMethod postCondition" time="0.0">
    <skipped/>
  </testcase> <!-- @AfterMethod postCondition -->
  <testcase classname="com.hrm.base.BaseTest" name="@AfterClass closeApplication" time="0.0">
    <skipped/>
  </testcase> <!-- @AfterClass closeApplication -->
  <testcase classname="com.hrm.scripts.ValidateProfileSuccessMessage" name="validateProfileSuccessMessage" time="0.0">
    <skipped/>
  </testcase> <!-- validateProfileSuccessMessage -->
  <testcase classname="com.hrm.scripts.RecentOrderFiveByDefault" name="recentOrderFiveByDefault" time="0.0">
    <skipped/>
  </testcase> <!-- recentOrderFiveByDefault -->
  <testcase classname="com.hrm.base.BaseTest" name="@BeforeSuite initReport" time="0.0">
    <ignored/>
  </testcase> <!-- @BeforeSuite initReport -->
  <testcase classname="com.hrm.base.BaseTest" name="@AfterSuite publishReport" time="0.0">
    <ignored/>
  </testcase> <!-- @AfterSuite publishReport -->
  <testcase classname="com.hrm.base.BaseTest" name="@BeforeTest initGlobalVar" time="0.0">
    <ignored/>
  </testcase> <!-- @BeforeTest initGlobalVar -->
</testsuite> <!-- Test2 -->
